<?xml version="1.0" encoding="UTF-8"?>
<coverage generated="1788472380245" clover="3.2.0">
  <project timestamp="1788472380246" name="All files">
    <metrics statements="810" coveredstatements="673" conditionals="1129" coveredconditionals="897" methods="304" coveredmethods="238" elements="2243" coveredelements="1808" complexity="0" loc="810" ncloc="810" packages="6" files="35" classes="35"/>
    <package name="src">
      <metrics statements="43" coveredstatements="31" conditionals="61" coveredconditionals="53" methods="17" coveredmethods="8"/>
      <file name="App.tsx" path="C:\Users\selim\project-dnd\src\App.tsx">
        <metrics statements="42" coveredstatements="31" conditionals="61" coveredconditionals="53" methods="17" coveredmethods="8"/>
        <line num="40" count="112" type="stmt"/>
        <line num="61" count="30" type="stmt"/>
        <line num="63" count="30" type="stmt"/>
        <line num="64" count="112" type="stmt"/>
        <line num="65" count="112" type="stmt"/>
        <line num="66" count="30" type="stmt"/>
        <line num="67" count="30" type="stmt"/>
        <line num="68" count="30" type="stmt"/>
        <line num="70" count="30" type="stmt"/>
        <line num="71" count="0" type="stmt"/>
        <line num="74" count="30" type="stmt"/>
        <line num="75" count="0" type="stmt"/>
        <line num="78" count="30" type="stmt"/>
        <line num="79" count="0" type="stmt"/>
        <line num="80" count="0" type="cond" truecount="0" falsecount="2"/>
        <line num="81" count="0" type="stmt"/>
        <line num="82" count="0" type="stmt"/>
        <line num="86" count="30" type="stmt"/>
        <line num="87" count="0" type="stmt"/>
        <line num="90" count="30" type="stmt"/>
        <line num="91" count="7" type="cond" truecount="1" falsecount="1"/>
        <line num="92" count="7" type="stmt"/>
        <line num="95" count="30" type="stmt"/>
        <line num="96" count="22" type="stmt"/>
        <line num="97" count="22" type="stmt"/>
        <line num="98" count="22" type="stmt"/>
        <line num="99" count="22" type="cond" truecount="6" falsecount="0"/>
        <line num="100" count="1" type="stmt"/>
        <line num="101" count="1" type="stmt"/>
        <line num="102" count="1" type="stmt"/>
        <line num="104" count="1" type="stmt"/>
        <line num="105" count="1" type="stmt"/>
        <line num="106" count="1" type="stmt"/>
        <line num="107" count="1" type="stmt"/>
        <line num="111" count="30" type="cond" truecount="11" falsecount="1"/>
        <line num="112" count="30" type="cond" truecount="2" falsecount="0"/>
        <line num="114" count="30" type="cond" truecount="1" falsecount="1"/>
        <line num="115" count="0" type="stmt"/>
        <line num="118" count="30" type="stmt"/>
        <line num="131" count="0" type="stmt"/>
        <line num="167" count="0" type="stmt"/>
        <line num="168" count="0" type="stmt"/>
      </file>
      <file name="main.tsx" path="C:\Users\selim\project-dnd\src\main.tsx">
        <metrics statements="1" coveredstatements="0" conditionals="0" coveredconditionals="0" methods="0" coveredmethods="0"/>
        <line num="7" count="0" type="stmt"/>
      </file>
    </package>
    <package name="src.components">
      <metrics statements="213" coveredstatements="167" conditionals="342" coveredconditionals="272" methods="94" coveredmethods="76"/>
      <file name="AppSections.tsx" path="C:\Users\selim\project-dnd\src\components\AppSections.tsx">
        <metrics statements="12" coveredstatements="12" conditionals="20" coveredconditionals="13" methods="13" coveredmethods="13"/>
        <line num="12" count="2" type="cond" truecount="1" falsecount="1"/>
        <line num="13" count="4" type="cond" truecount="1" falsecount="1"/>
        <line num="16" count="1" type="stmt"/>
        <line num="21" count="9" type="stmt"/>
        <line num="23" count="36" type="stmt"/>
        <line num="27" count="9" type="cond" truecount="1" falsecount="1"/>
        <line num="33" count="7" type="stmt"/>
        <line num="34" count="2" type="cond" truecount="1" falsecount="1"/>
        <line num="35" count="2" type="cond" truecount="1" falsecount="1"/>
        <line num="37" count="6" type="stmt"/>
        <line num="42" count="10" type="stmt"/>
        <line num="44" count="30" type="stmt"/>
      </file>
      <file name="BattleLogDrawer.tsx" path="C:\Users\selim\project-dnd\src\components\BattleLogDrawer.tsx">
        <metrics statements="45" coveredstatements="33" conditionals="24" coveredconditionals="14" methods="10" coveredmethods="8"/>
        <line num="13" count="3" type="stmt"/>
        <line num="14" count="40" type="stmt"/>
        <line num="15" count="40" type="stmt"/>
        <line num="16" count="40" type="stmt"/>
        <line num="17" count="40" type="stmt"/>
        <line num="18" count="40" type="stmt"/>
        <line num="19" count="40" type="stmt"/>
        <line num="21" count="40" type="stmt"/>
        <line num="22" count="38" type="stmt"/>
        <line num="25" count="40" type="stmt"/>
        <line num="26" count="15" type="cond" truecount="2" falsecount="0"/>
        <line num="27" count="5" type="stmt"/>
        <line num="28" count="0" type="cond" truecount="0" falsecount="2"/>
        <line num="29" count="0" type="stmt"/>
        <line num="30" count="0" type="stmt"/>
        <line num="33" count="5" type="stmt"/>
        <line num="34" count="5" type="stmt"/>
        <line num="35" count="15" type="stmt"/>
        <line num="39" count="40" type="stmt"/>
        <line num="40" count="1" type="cond" truecount="1" falsecount="1"/>
        <line num="41" count="1" type="stmt"/>
        <line num="42" count="1" type="stmt"/>
        <line num="43" count="1" type="stmt"/>
        <line num="44" count="1" type="stmt"/>
        <line num="45" count="1" type="stmt"/>
        <line num="49" count="40" type="stmt"/>
        <line num="50" count="1" type="cond" truecount="2" falsecount="2"/>
        <line num="51" count="0" type="stmt"/>
        <line num="52" count="0" type="stmt"/>
        <line num="53" count="0" type="stmt"/>
        <line num="54" count="0" type="stmt"/>
        <line num="57" count="40" type="stmt"/>
        <line num="58" count="1" type="stmt"/>
        <line num="59" count="1" type="cond" truecount="1" falsecount="1"/>
        <line num="60" count="1" type="stmt"/>
        <line num="61" count="1" type="stmt"/>
        <line num="65" count="40" type="stmt"/>
        <line num="66" count="0" type="cond" truecount="0" falsecount="2"/>
        <line num="67" count="0" type="stmt"/>
        <line num="68" count="0" type="cond" truecount="0" falsecount="2"/>
        <line num="69" count="0" type="stmt"/>
        <line num="70" count="0" type="stmt"/>
        <line num="75" count="40" type="stmt"/>
        <line num="101" count="62" type="stmt"/>
        <line num="102" count="62" type="stmt"/>
      </file>
      <file name="BattleStats.tsx" path="C:\Users\selim\project-dnd\src\components\BattleStats.tsx">
        <metrics statements="21" coveredstatements="21" conditionals="89" coveredconditionals="86" methods="7" coveredmethods="7"/>
        <line num="27" count="84" type="stmt"/>
        <line num="28" count="84" type="stmt"/>
        <line num="30" count="84" type="stmt"/>
        <line num="55" count="3" type="cond" truecount="6" falsecount="0"/>
        <line num="64" count="49" type="cond" truecount="2" falsecount="0"/>
        <line num="66" count="17" type="cond" truecount="2" falsecount="0"/>
        <line num="74" count="49" type="stmt"/>
        <line num="84" count="3" type="cond" truecount="1" falsecount="0"/>
        <line num="100" count="175" type="stmt"/>
        <line num="116" count="49" type="stmt"/>
        <line num="117" count="49" type="stmt"/>
        <line num="118" count="49" type="stmt"/>
        <line num="119" count="49" type="stmt"/>
        <line num="120" count="49" type="cond" truecount="8" falsecount="0"/>
        <line num="121" count="49" type="cond" truecount="4" falsecount="0"/>
        <line num="122" count="49" type="cond" truecount="8" falsecount="2"/>
        <line num="123" count="49" type="stmt"/>
        <line num="124" count="6" type="stmt"/>
        <line num="125" count="6" type="cond" truecount="1" falsecount="1"/>
        <line num="128" count="49" type="stmt"/>
        <line num="133" count="126" type="cond" truecount="2" falsecount="0"/>
      </file>
      <file name="Card.tsx" path="C:\Users\selim\project-dnd\src\components\Card.tsx">
        <metrics statements="36" coveredstatements="27" conditionals="70" coveredconditionals="53" methods="16" coveredmethods="9"/>
        <line num="12" count="5" type="stmt"/>
        <line num="14" count="0" type="cond" truecount="2" falsecount="2"/>
        <line num="16" count="59" type="stmt"/>
        <line num="17" count="59" type="stmt"/>
        <line num="18" count="59" type="stmt"/>
        <line num="19" count="59" type="stmt"/>
        <line num="20" count="59" type="stmt"/>
        <line num="21" count="59" type="stmt"/>
        <line num="22" count="59" type="cond" truecount="4" falsecount="0"/>
        <line num="23" count="59" type="cond" truecount="4" falsecount="0"/>
        <line num="24" count="59" type="cond" truecount="3" falsecount="1"/>
        <line num="25" count="59" type="cond" truecount="2" falsecount="0"/>
        <line num="26" count="59" type="cond" truecount="2" falsecount="0"/>
        <line num="27" count="59" type="stmt"/>
        <line num="28" count="45" type="cond" truecount="2" falsecount="0"/>
        <line num="29" count="3" type="stmt"/>
        <line num="30" count="3" type="stmt"/>
        <line num="31" count="45" type="stmt"/>
        <line num="32" count="1" type="cond" truecount="1" falsecount="1"/>
        <line num="33" count="1" type="cond" truecount="1" falsecount="1"/>
        <line num="34" count="0" type="cond" truecount="0" falsecount="2"/>
        <line num="35" count="0" type="stmt"/>
        <line num="36" count="0" type="cond" truecount="0" falsecount="4"/>
        <line num="39" count="45" type="stmt"/>
        <line num="40" count="45" type="cond" truecount="2" falsecount="0"/>
        <line num="42" count="59" type="stmt"/>
        <line num="43" count="59" type="stmt"/>
        <line num="50" count="8" type="cond" truecount="1" falsecount="1"/>
        <line num="51" count="8" type="stmt"/>
        <line num="52" count="8" type="cond" truecount="1" falsecount="1"/>
        <line num="53" count="8" type="cond" truecount="2" falsecount="0"/>
        <line num="56" count="0" type="stmt"/>
        <line num="57" count="0" type="stmt"/>
        <line num="69" count="0" type="cond" truecount="2" falsecount="2"/>
        <line num="71" count="0" type="stmt"/>
        <line num="74" count="0" type="cond" truecount="2" falsecount="0"/>
      </file>
      <file name="CombatControls.tsx" path="C:\Users\selim\project-dnd\src\components\CombatControls.tsx">
        <metrics statements="3" coveredstatements="3" conditionals="0" coveredconditionals="0" methods="2" coveredmethods="2"/>
        <line num="7" count="3" type="stmt"/>
        <line num="8" count="35" type="stmt"/>
        <line num="10" count="10" type="stmt"/>
      </file>
      <file name="DialogBubble.tsx" path="C:\Users\selim\project-dnd\src\components\DialogBubble.tsx">
        <metrics statements="15" coveredstatements="14" conditionals="2" coveredconditionals="2" methods="12" coveredmethods="11"/>
        <line num="5" count="127" type="stmt"/>
        <line num="6" count="127" type="stmt"/>
        <line num="7" count="34" type="stmt"/>
        <line num="8" count="22" type="stmt"/>
        <line num="9" count="22" type="cond" truecount="2" falsecount="0"/>
        <line num="10" count="4" type="stmt"/>
        <line num="11" count="1" type="stmt"/>
        <line num="12" count="1" type="stmt"/>
        <line num="13" count="1" type="stmt"/>
        <line num="14" count="0" type="stmt"/>
        <line num="16" count="4" type="stmt"/>
        <line num="17" count="4" type="stmt"/>
        <line num="19" count="34" type="stmt"/>
        <line num="20" count="3" type="stmt"/>
        <line num="21" count="1" type="stmt"/>
      </file>
      <file name="EnemyBoard.tsx" path="C:\Users\selim\project-dnd\src\components\EnemyBoard.tsx">
        <metrics statements="13" coveredstatements="13" conditionals="37" coveredconditionals="33" methods="6" coveredmethods="6"/>
        <line num="5" count="3" type="stmt"/>
        <line num="6" count="28" type="stmt"/>
        <line num="7" count="28" type="stmt"/>
        <line num="8" count="28" type="stmt"/>
        <line num="9" count="28" type="stmt"/>
        <line num="11" count="8" type="cond" truecount="3" falsecount="1"/>
        <line num="13" count="8" type="stmt"/>
        <line num="14" count="8" type="stmt"/>
        <line num="15" count="8" type="cond" truecount="5" falsecount="1"/>
        <line num="16" count="8" type="cond" truecount="2" falsecount="0"/>
        <line num="17" count="8" type="cond" truecount="3" falsecount="0"/>
        <line num="19" count="8" type="stmt"/>
        <line num="24" count="39" type="cond" truecount="2" falsecount="0"/>
      </file>
      <file name="Hand.tsx" path="C:\Users\selim\project-dnd\src\components\Hand.tsx">
        <metrics statements="18" coveredstatements="16" conditionals="28" coveredconditionals="22" methods="13" coveredmethods="10"/>
        <line num="15" count="3" type="cond" truecount="1" falsecount="2"/>
        <line num="16" count="50" type="stmt"/>
        <line num="17" count="50" type="stmt"/>
        <line num="18" count="50" type="stmt"/>
        <line num="19" count="50" type="stmt"/>
        <line num="20" count="50" type="stmt"/>
        <line num="21" count="50" type="cond" truecount="3" falsecount="0"/>
        <line num="22" count="15" type="stmt"/>
        <line num="24" count="15" type="stmt"/>
        <line num="26" count="2" type="cond" truecount="3" falsecount="1"/>
        <line num="29" count="2" type="stmt"/>
        <line num="32" count="15" type="stmt"/>
        <line num="41" count="28" type="cond" truecount="8" falsecount="2"/>
        <line num="42" count="28" type="stmt"/>
        <line num="43" count="28" type="stmt"/>
        <line num="49" count="2" type="cond" truecount="1" falsecount="1"/>
        <line num="50" count="0" type="stmt"/>
        <line num="51" count="0" type="stmt"/>
      </file>
      <file name="NameInput.tsx" path="C:\Users\selim\project-dnd\src\components\NameInput.tsx">
        <metrics statements="22" coveredstatements="1" conditionals="14" coveredconditionals="0" methods="4" coveredmethods="0"/>
        <line num="8" count="2" type="stmt"/>
        <line num="9" count="0" type="stmt"/>
        <line num="10" count="0" type="stmt"/>
        <line num="11" count="0" type="stmt"/>
        <line num="12" count="0" type="stmt"/>
        <line num="14" count="0" type="stmt"/>
        <line num="15" count="0" type="stmt"/>
        <line num="16" count="0" type="stmt"/>
        <line num="18" count="0" type="cond" truecount="0" falsecount="2"/>
        <line num="19" count="0" type="stmt"/>
        <line num="20" count="0" type="stmt"/>
        <line num="23" count="0" type="cond" truecount="0" falsecount="2"/>
        <line num="24" count="0" type="stmt"/>
        <line num="25" count="0" type="stmt"/>
        <line num="28" count="0" type="cond" truecount="0" falsecount="2"/>
        <line num="29" count="0" type="stmt"/>
        <line num="30" count="0" type="stmt"/>
        <line num="33" count="0" type="stmt"/>
        <line num="34" count="0" type="stmt"/>
        <line num="36" count="0" type="stmt"/>
        <line num="39" count="0" type="stmt"/>
        <line num="64" count="0" type="stmt"/>
      </file>
      <file name="ShopPanel.tsx" path="C:\Users\selim\project-dnd\src\components\ShopPanel.tsx">
        <metrics statements="20" coveredstatements="19" conditionals="37" coveredconditionals="32" methods="10" coveredmethods="9"/>
        <line num="11" count="4" type="stmt"/>
        <line num="12" count="84" type="stmt"/>
        <line num="27" count="25" type="stmt"/>
        <line num="28" count="25" type="cond" truecount="2" falsecount="0"/>
        <line num="29" count="25" type="cond" truecount="2" falsecount="0"/>
        <line num="30" count="117" type="stmt"/>
        <line num="31" count="100" type="stmt"/>
        <line num="33" count="25" type="stmt"/>
        <line num="43" count="100" type="cond" truecount="4" falsecount="2"/>
        <line num="44" count="100" type="stmt"/>
        <line num="45" count="100" type="stmt"/>
        <line num="49" count="0" type="stmt"/>
        <line num="64" count="117" type="stmt"/>
        <line num="65" count="117" type="stmt"/>
        <line num="66" count="117" type="stmt"/>
        <line num="67" count="117" type="cond" truecount="2" falsecount="0"/>
        <line num="68" count="117" type="stmt"/>
        <line num="71" count="2" type="cond" truecount="2" falsecount="0"/>
        <line num="85" count="117" type="stmt"/>
        <line num="89" count="1" type="stmt"/>
      </file>
      <file name="appView.ts" path="C:\Users\selim\project-dnd\src\components\appView.ts">
        <metrics statements="8" coveredstatements="8" conditionals="21" coveredconditionals="17" methods="1" coveredmethods="1"/>
        <line num="3" count="3" type="stmt"/>
        <line num="13" count="44" type="cond" truecount="1" falsecount="1"/>
        <line num="14" count="44" type="cond" truecount="5" falsecount="0"/>
        <line num="15" count="43" type="cond" truecount="3" falsecount="1"/>
        <line num="16" count="43" type="cond" truecount="1" falsecount="1"/>
        <line num="17" count="43" type="cond" truecount="3" falsecount="1"/>
        <line num="18" count="43" type="cond" truecount="4" falsecount="0"/>
        <line num="19" count="42" type="stmt"/>
      </file>
    </package>
    <package name="src.engine">
      <metrics statements="301" coveredstatements="286" conditionals="433" coveredconditionals="360" methods="66" coveredmethods="65"/>
      <file name="bossResolver.ts" path="C:\Users\selim\project-dnd\src\engine\bossResolver.ts">
        <metrics statements="5" coveredstatements="5" conditionals="2" coveredconditionals="1" methods="2" coveredmethods="2"/>
        <line num="6" count="1" type="stmt"/>
        <line num="7" count="1" type="stmt"/>
        <line num="19" count="3" type="cond" truecount="1" falsecount="1"/>
        <line num="20" count="3" type="stmt"/>
        <line num="21" count="3" type="stmt"/>
      </file>
      <file name="cardPiles.ts" path="C:\Users\selim\project-dnd\src\engine\cardPiles.ts">
        <metrics statements="18" coveredstatements="18" conditionals="7" coveredconditionals="7" methods="9" coveredmethods="9"/>
        <line num="7" count="71" type="stmt"/>
        <line num="11" count="8" type="stmt"/>
        <line num="12" count="13" type="stmt"/>
        <line num="13" count="11" type="stmt"/>
        <line num="14" count="2" type="stmt"/>
        <line num="19" count="25" type="cond" truecount="2" falsecount="0"/>
        <line num="20" count="7" type="stmt"/>
        <line num="24" count="32" type="stmt"/>
        <line num="25" count="32" type="stmt"/>
        <line num="26" count="32" type="stmt"/>
        <line num="27" count="32" type="stmt"/>
        <line num="28" count="72" type="cond" truecount="2" falsecount="0"/>
        <line num="29" count="19" type="stmt"/>
        <line num="30" count="19" type="stmt"/>
        <line num="32" count="72" type="stmt"/>
        <line num="33" count="72" type="cond" truecount="2" falsecount="0"/>
        <line num="34" count="58" type="stmt"/>
        <line num="36" count="32" type="stmt"/>
      </file>
      <file name="combatMath.ts" path="C:\Users\selim\project-dnd\src\engine\combatMath.ts">
        <metrics statements="4" coveredstatements="4" conditionals="4" coveredconditionals="4" methods="2" coveredmethods="2"/>
        <line num="17" count="28" type="stmt"/>
        <line num="18" count="28" type="stmt"/>
        <line num="20" count="28" type="stmt"/>
        <line num="34" count="20" type="stmt"/>
      </file>
      <file name="combatResolver.ts" path="C:\Users\selim\project-dnd\src\engine\combatResolver.ts">
        <metrics statements="175" coveredstatements="164" conditionals="272" coveredconditionals="219" methods="20" coveredmethods="20"/>
        <line num="14" count="25" type="stmt"/>
        <line num="15" count="25" type="cond" truecount="2" falsecount="0"/>
        <line num="16" count="23" type="cond" truecount="2" falsecount="0"/>
        <line num="17" count="21" type="stmt"/>
        <line num="20" count="17" type="cond" truecount="3" falsecount="1"/>
        <line num="21" count="17" type="stmt"/>
        <line num="24" count="132" type="stmt"/>
        <line num="25" count="132" type="stmt"/>
        <line num="28" count="22" type="cond" truecount="1" falsecount="1"/>
        <line num="29" count="22" type="cond" truecount="2" falsecount="0"/>
        <line num="30" count="22" type="cond" truecount="6" falsecount="0"/>
        <line num="31" count="22" type="stmt"/>
        <line num="38" count="4" type="stmt"/>
        <line num="39" count="1" type="cond" truecount="1" falsecount="1"/>
        <line num="40" count="1" type="stmt"/>
        <line num="43" count="31" type="stmt"/>
        <line num="44" count="31" type="stmt"/>
        <line num="45" count="57" type="stmt"/>
        <line num="46" count="31" type="cond" truecount="2" falsecount="0"/>
        <line num="47" count="1" type="stmt"/>
        <line num="48" count="1" type="stmt"/>
        <line num="49" count="1" type="stmt"/>
        <line num="53" count="31" type="stmt"/>
        <line num="57" count="62" type="cond" truecount="4" falsecount="0"/>
        <line num="58" count="61" type="stmt"/>
        <line num="59" count="61" type="cond" truecount="4" falsecount="0"/>
        <line num="61" count="62" type="stmt"/>
        <line num="65" count="2" type="stmt"/>
        <line num="67" count="62" type="stmt"/>
        <line num="68" count="62" type="stmt"/>
        <line num="69" count="62" type="cond" truecount="2" falsecount="0"/>
        <line num="70" count="62" type="cond" truecount="1" falsecount="1"/>
        <line num="71" count="62" type="cond" truecount="2" falsecount="0"/>
        <line num="72" count="62" type="stmt"/>
        <line num="73" count="62" type="stmt"/>
        <line num="89" count="62" type="cond" truecount="4" falsecount="0"/>
        <line num="92" count="15" type="stmt"/>
        <line num="93" count="15" type="stmt"/>
        <line num="97" count="45" type="cond" truecount="5" falsecount="1"/>
        <line num="98" count="45" type="stmt"/>
        <line num="99" count="45" type="cond" truecount="1" falsecount="1"/>
        <line num="100" count="45" type="cond" truecount="1" falsecount="1"/>
        <line num="103" count="45" type="cond" truecount="2" falsecount="0"/>
        <line num="104" count="43" type="stmt"/>
        <line num="105" count="47" type="stmt"/>
        <line num="108" count="45" type="cond" truecount="2" falsecount="0"/>
        <line num="109" count="45" type="stmt"/>
        <line num="110" count="45" type="cond" truecount="4" falsecount="0"/>
        <line num="112" count="43" type="stmt"/>
        <line num="113" count="43" type="cond" truecount="2" falsecount="0"/>
        <line num="114" count="1" type="stmt"/>
        <line num="115" count="1" type="stmt"/>
        <line num="116" count="1" type="stmt"/>
        <line num="118" count="43" type="cond" truecount="1" falsecount="1"/>
        <line num="119" count="63" type="cond" truecount="11" falsecount="2"/>
        <line num="122" count="17" type="stmt"/>
        <line num="123" count="17" type="cond" truecount="4" falsecount="0"/>
        <line num="124" count="13" type="stmt"/>
        <line num="125" count="13" type="stmt"/>
        <line num="126" count="13" type="stmt"/>
        <line num="128" count="13" type="cond" truecount="4" falsecount="0"/>
        <line num="129" count="13" type="cond" truecount="2" falsecount="0"/>
        <line num="130" count="11" type="stmt"/>
        <line num="132" count="15" type="cond" truecount="3" falsecount="1"/>
        <line num="133" count="17" type="cond" truecount="4" falsecount="0"/>
        <line num="135" count="17" type="cond" truecount="2" falsecount="0"/>
        <line num="136" count="17" type="stmt"/>
        <line num="137" count="17" type="stmt"/>
        <line num="138" count="17" type="stmt"/>
        <line num="139" count="17" type="stmt"/>
        <line num="142" count="8" type="cond" truecount="2" falsecount="0"/>
        <line num="143" count="8" type="cond" truecount="1" falsecount="1"/>
        <line num="144" count="8" type="cond" truecount="1" falsecount="1"/>
        <line num="145" count="8" type="stmt"/>
        <line num="148" count="4" type="cond" truecount="2" falsecount="0"/>
        <line num="149" count="4" type="cond" truecount="2" falsecount="0"/>
        <line num="150" count="4" type="stmt"/>
        <line num="151" count="4" type="cond" truecount="1" falsecount="1"/>
        <line num="152" count="4" type="stmt"/>
        <line num="155" count="17" type="cond" truecount="2" falsecount="0"/>
        <line num="156" count="17" type="cond" truecount="4" falsecount="0"/>
        <line num="157" count="17" type="stmt"/>
        <line num="158" count="17" type="stmt"/>
        <line num="161" count="9" type="stmt"/>
        <line num="162" count="9" type="stmt"/>
        <line num="163" count="9" type="stmt"/>
        <line num="164" count="9" type="stmt"/>
        <line num="168" count="3" type="stmt"/>
        <line num="169" count="3" type="stmt"/>
        <line num="170" count="3" type="stmt"/>
        <line num="172" count="2" type="stmt"/>
        <line num="173" count="2" type="stmt"/>
        <line num="174" count="2" type="stmt"/>
        <line num="177" count="2" type="cond" truecount="1" falsecount="1"/>
        <line num="178" count="2" type="cond" truecount="2" falsecount="0"/>
        <line num="179" count="2" type="cond" truecount="1" falsecount="1"/>
        <line num="180" count="2" type="cond" truecount="3" falsecount="1"/>
        <line num="181" count="2" type="stmt"/>
        <line num="185" count="1" type="cond" truecount="2" falsecount="4"/>
        <line num="186" count="1" type="stmt"/>
        <line num="187" count="1" type="stmt"/>
        <line num="188" count="1" type="cond" truecount="1" falsecount="1"/>
        <line num="189" count="1" type="cond" truecount="1" falsecount="1"/>
        <line num="190" count="1" type="stmt"/>
        <line num="191" count="1" type="cond" truecount="1" falsecount="1"/>
        <line num="192" count="1" type="stmt"/>
        <line num="194" count="1" type="stmt"/>
        <line num="197" count="0" type="stmt"/>
        <line num="198" count="0" type="stmt"/>
        <line num="202" count="43" type="cond" truecount="2" falsecount="0"/>
        <line num="203" count="1" type="stmt"/>
        <line num="204" count="1" type="stmt"/>
        <line num="205" count="42" type="stmt"/>
        <line num="206" count="43" type="stmt"/>
        <line num="207" count="43" type="stmt"/>
        <line num="208" count="43" type="stmt"/>
        <line num="212" count="21" type="cond" truecount="4" falsecount="0"/>
        <line num="213" count="18" type="stmt"/>
        <line num="214" count="18" type="cond" truecount="1" falsecount="1"/>
        <line num="216" count="18" type="stmt"/>
        <line num="217" count="18" type="stmt"/>
        <line num="218" count="21" type="stmt"/>
        <line num="219" count="18" type="cond" truecount="1" falsecount="1"/>
        <line num="220" count="18" type="stmt"/>
        <line num="221" count="21" type="stmt"/>
        <line num="223" count="18" type="cond" truecount="2" falsecount="0"/>
        <line num="224" count="18" type="stmt"/>
        <line num="225" count="18" type="cond" truecount="2" falsecount="0"/>
        <line num="226" count="17" type="cond" truecount="2" falsecount="0"/>
        <line num="227" count="1" type="stmt"/>
        <line num="228" count="1" type="cond" truecount="1" falsecount="1"/>
        <line num="229" count="1" type="stmt"/>
        <line num="230" count="1" type="stmt"/>
        <line num="234" count="17" type="stmt"/>
        <line num="235" count="17" type="cond" truecount="2" falsecount="0"/>
        <line num="236" count="16" type="stmt"/>
        <line num="237" count="16" type="stmt"/>
        <line num="238" count="16" type="cond" truecount="2" falsecount="0"/>
        <line num="240" count="12" type="stmt"/>
        <line num="241" count="12" type="cond" truecount="2" falsecount="0"/>
        <line num="242" count="21" type="stmt"/>
        <line num="243" count="21" type="cond" truecount="2" falsecount="0"/>
        <line num="244" count="1" type="cond" truecount="1" falsecount="1"/>
        <line num="246" count="11" type="cond" truecount="2" falsecount="0"/>
        <line num="247" count="9" type="stmt"/>
        <line num="248" count="9" type="cond" truecount="1" falsecount="1"/>
        <line num="250" count="9" type="cond" truecount="1" falsecount="1"/>
        <line num="252" count="9" type="cond" truecount="2" falsecount="0"/>
        <line num="253" count="6" type="cond" truecount="2" falsecount="2"/>
        <line num="254" count="6" type="stmt"/>
        <line num="255" count="6" type="stmt"/>
        <line num="257" count="6" type="cond" truecount="3" falsecount="1"/>
        <line num="258" count="3" type="stmt"/>
        <line num="259" count="9" type="cond" truecount="1" falsecount="1"/>
        <line num="260" count="2" type="cond" truecount="1" falsecount="1"/>
        <line num="261" count="0" type="cond" truecount="0" falsecount="2"/>
        <line num="262" count="0" type="stmt"/>
        <line num="263" count="2" type="cond" truecount="1" falsecount="1"/>
        <line num="264" count="0" type="cond" truecount="0" falsecount="2"/>
        <line num="265" count="0" type="stmt"/>
        <line num="266" count="0" type="stmt"/>
        <line num="267" count="2" type="cond" truecount="1" falsecount="1"/>
        <line num="268" count="0" type="cond" truecount="0" falsecount="2"/>
        <line num="269" count="0" type="stmt"/>
        <line num="270" count="2" type="cond" truecount="1" falsecount="1"/>
        <line num="271" count="0" type="stmt"/>
        <line num="272" count="0" type="stmt"/>
        <line num="273" count="2" type="stmt"/>
        <line num="274" count="12" type="stmt"/>
        <line num="275" count="12" type="cond" truecount="2" falsecount="0"/>
        <line num="276" count="10" type="stmt"/>
        <line num="277" count="10" type="stmt"/>
        <line num="278" count="10" type="cond" truecount="2" falsecount="0"/>
        <line num="279" count="9" type="cond" truecount="2" falsecount="0"/>
        <line num="284" count="21" type="stmt"/>
      </file>
      <file name="dice.ts" path="C:\Users\selim\project-dnd\src\engine\dice.ts">
        <metrics statements="3" coveredstatements="3" conditionals="5" coveredconditionals="5" methods="1" coveredmethods="1"/>
        <line num="9" count="3053" type="cond" truecount="4" falsecount="0"/>
        <line num="10" count="4" type="stmt"/>
        <line num="13" count="3049" type="stmt"/>
      </file>
      <file name="draft.ts" path="C:\Users\selim\project-dnd\src\engine\draft.ts">
        <metrics statements="6" coveredstatements="6" conditionals="6" coveredconditionals="5" methods="5" coveredmethods="5"/>
        <line num="5" count="114" type="stmt"/>
        <line num="6" count="54" type="cond" truecount="3" falsecount="1"/>
        <line num="7" count="54" type="stmt"/>
        <line num="8" count="222" type="stmt"/>
        <line num="9" count="54" type="cond" truecount="2" falsecount="0"/>
        <line num="10" count="60" type="stmt"/>
      </file>
      <file name="enemyArchetypes.ts" path="C:\Users\selim\project-dnd\src\engine\enemyArchetypes.ts">
        <metrics statements="20" coveredstatements="20" conditionals="18" coveredconditionals="17" methods="3" coveredmethods="3"/>
        <line num="18" count="13" type="stmt"/>
        <line num="27" count="16" type="cond" truecount="2" falsecount="0"/>
        <line num="28" count="2" type="stmt"/>
        <line num="32" count="51" type="stmt"/>
        <line num="33" count="51" type="cond" truecount="4" falsecount="0"/>
        <line num="34" count="51" type="stmt"/>
        <line num="38" count="22" type="stmt"/>
        <line num="39" count="22" type="stmt"/>
        <line num="40" count="22" type="cond" truecount="2" falsecount="0"/>
        <line num="41" count="22" type="cond" truecount="1" falsecount="1"/>
        <line num="42" count="22" type="stmt"/>
        <line num="43" count="22" type="cond" truecount="2" falsecount="0"/>
        <line num="44" count="17" type="stmt"/>
        <line num="45" count="17" type="stmt"/>
        <line num="47" count="5" type="cond" truecount="2" falsecount="0"/>
        <line num="48" count="2" type="stmt"/>
        <line num="49" count="2" type="stmt"/>
        <line num="51" count="3" type="cond" truecount="2" falsecount="0"/>
        <line num="52" count="2" type="cond" truecount="2" falsecount="0"/>
        <line num="53" count="1" type="stmt"/>
      </file>
      <file name="enemyBehavior.ts" path="C:\Users\selim\project-dnd\src\engine\enemyBehavior.ts">
        <metrics statements="19" coveredstatements="19" conditionals="55" coveredconditionals="47" methods="2" coveredmethods="2"/>
        <line num="13" count="77" type="cond" truecount="2" falsecount="0"/>
        <line num="14" count="68" type="cond" truecount="3" falsecount="1"/>
        <line num="15" count="67" type="cond" truecount="2" falsecount="0"/>
        <line num="16" count="66" type="cond" truecount="1" falsecount="1"/>
        <line num="17" count="66" type="cond" truecount="1" falsecount="3"/>
        <line num="18" count="66" type="cond" truecount="2" falsecount="0"/>
        <line num="22" count="66" type="cond" truecount="2" falsecount="0"/>
        <line num="23" count="66" type="stmt"/>
        <line num="24" count="66" type="cond" truecount="2" falsecount="0"/>
        <line num="25" count="66" type="cond" truecount="2" falsecount="0"/>
        <line num="30" count="65" type="stmt"/>
        <line num="31" count="65" type="cond" truecount="5" falsecount="0"/>
        <line num="32" count="14" type="cond" truecount="1" falsecount="1"/>
        <line num="34" count="51" type="cond" truecount="4" falsecount="0"/>
        <line num="35" count="2" type="stmt"/>
        <line num="36" count="2" type="cond" truecount="2" falsecount="0"/>
        <line num="40" count="49" type="cond" truecount="4" falsecount="0"/>
        <line num="44" count="47" type="cond" truecount="2" falsecount="0"/>
        <line num="45" count="66" type="stmt"/>
      </file>
      <file name="eventResolver.ts" path="C:\Users\selim\project-dnd\src\engine\eventResolver.ts">
        <metrics statements="17" coveredstatements="16" conditionals="20" coveredconditionals="18" methods="3" coveredmethods="3"/>
        <line num="6" count="5" type="stmt"/>
        <line num="9" count="1" type="stmt"/>
        <line num="10" count="1" type="stmt"/>
        <line num="21" count="8" type="cond" truecount="2" falsecount="0"/>
        <line num="22" count="3" type="stmt"/>
        <line num="23" count="3" type="stmt"/>
        <line num="24" count="3" type="cond" truecount="4" falsecount="0"/>
        <line num="25" count="1" type="stmt"/>
        <line num="26" count="2" type="stmt"/>
        <line num="29" count="5" type="cond" truecount="2" falsecount="0"/>
        <line num="30" count="3" type="stmt"/>
        <line num="31" count="3" type="cond" truecount="2" falsecount="0"/>
        <line num="32" count="3" type="cond" truecount="2" falsecount="0"/>
        <line num="33" count="3" type="stmt"/>
        <line num="36" count="2" type="cond" truecount="1" falsecount="1"/>
        <line num="37" count="2" type="stmt"/>
        <line num="42" count="0" type="stmt"/>
      </file>
      <file name="restResolver.ts" path="C:\Users\selim\project-dnd\src\engine\restResolver.ts">
        <metrics statements="11" coveredstatements="9" conditionals="12" coveredconditionals="7" methods="2" coveredmethods="2"/>
        <line num="5" count="2" type="stmt"/>
        <line num="15" count="2" type="cond" truecount="2" falsecount="0"/>
        <line num="16" count="1" type="stmt"/>
        <line num="17" count="1" type="cond" truecount="2" falsecount="2"/>
        <line num="18" count="0" type="stmt"/>
        <line num="21" count="1" type="cond" truecount="1" falsecount="1"/>
        <line num="22" count="1" type="stmt"/>
        <line num="23" count="1" type="cond" truecount="1" falsecount="1"/>
        <line num="24" count="1" type="stmt"/>
        <line num="25" count="1" type="stmt"/>
        <line num="28" count="0" type="stmt"/>
      </file>
      <file name="rewards.ts" path="C:\Users\selim\project-dnd\src\engine\rewards.ts">
        <metrics statements="3" coveredstatements="3" conditionals="7" coveredconditionals="7" methods="3" coveredmethods="3"/>
        <line num="7" count="33" type="stmt"/>
        <line num="11" count="9" type="stmt"/>
        <line num="12" count="9" type="stmt"/>
      </file>
      <file name="runMap.ts" path="C:\Users\selim\project-dnd\src\engine\runMap.ts">
        <metrics statements="9" coveredstatements="8" conditionals="9" coveredconditionals="9" methods="4" coveredmethods="3"/>
        <line num="5" count="69" type="cond" truecount="4" falsecount="0"/>
        <line num="8" count="69" type="stmt"/>
        <line num="9" count="69" type="stmt"/>
        <line num="10" count="207" type="cond" truecount="2" falsecount="0"/>
        <line num="11" count="207" type="stmt"/>
        <line num="12" count="207" type="stmt"/>
        <line num="17" count="1" type="stmt"/>
        <line num="18" count="1" type="stmt"/>
        <line num="22" count="0" type="stmt"/>
      </file>
      <file name="statuses.ts" path="C:\Users\selim\project-dnd\src\engine\statuses.ts">
        <metrics statements="11" coveredstatements="11" conditionals="16" coveredconditionals="14" methods="10" coveredmethods="10"/>
        <line num="3" count="14" type="stmt"/>
        <line num="9" count="21" type="cond" truecount="1" falsecount="1"/>
        <line num="10" count="21" type="stmt"/>
        <line num="11" count="21" type="cond" truecount="2" falsecount="0"/>
        <line num="12" count="2" type="cond" truecount="1" falsecount="1"/>
        <line num="18" count="507" type="cond" truecount="2" falsecount="0"/>
        <line num="19" count="507" type="cond" truecount="4" falsecount="0"/>
        <line num="23" count="20" type="stmt"/>
        <line num="27" count="28" type="stmt"/>
        <line num="28" count="28" type="stmt"/>
        <line num="35" count="2" type="stmt"/>
      </file>
    </package>
    <package name="src.state">
      <metrics statements="140" coveredstatements="127" conditionals="137" coveredconditionals="97" methods="75" coveredmethods="67"/>
      <file name="persistence.ts" path="C:\Users\selim\project-dnd\src\state\persistence.ts">
        <metrics statements="11" coveredstatements="11" conditionals="6" coveredconditionals="5" methods="3" coveredmethods="3"/>
        <line num="6" count="10" type="stmt"/>
        <line num="7" count="10" type="stmt"/>
        <line num="10" count="58" type="cond" truecount="2" falsecount="0"/>
        <line num="11" count="46" type="stmt"/>
        <line num="12" count="46" type="cond" truecount="3" falsecount="1"/>
        <line num="16" count="30" type="stmt"/>
        <line num="17" count="30" type="stmt"/>
        <line num="22" count="1" type="stmt"/>
        <line num="27" count="27" type="stmt"/>
        <line num="28" count="27" type="stmt"/>
        <line num="29" count="27" type="stmt"/>
      </file>
      <file name="store.ts" path="C:\Users\selim\project-dnd\src\state\store.ts">
        <metrics statements="129" coveredstatements="116" conditionals="131" coveredconditionals="92" methods="72" coveredmethods="64"/>
        <line num="115" count="10" type="stmt"/>
        <line num="121" count="899" type="stmt"/>
        <line num="125" count="38" type="stmt"/>
        <line num="144" count="39" type="stmt"/>
        <line num="147" count="21" type="stmt"/>
        <line num="150" count="15" type="cond" truecount="2" falsecount="0"/>
        <line num="151" count="15" type="stmt"/>
        <line num="160" count="142" type="cond" truecount="2" falsecount="0"/>
        <line num="161" count="139" type="cond" truecount="2" falsecount="0"/>
        <line num="166" count="134" type="cond" truecount="2" falsecount="0"/>
        <line num="167" count="8" type="cond" truecount="2" falsecount="0"/>
        <line num="169" count="142" type="cond" truecount="2" falsecount="0"/>
        <line num="171" count="6" type="stmt"/>
        <line num="172" count="6" type="stmt"/>
        <line num="175" count="8" type="stmt"/>
        <line num="179" count="6" type="stmt"/>
        <line num="180" count="6" type="stmt"/>
        <line num="189" count="6" type="stmt"/>
        <line num="190" count="6" type="cond" truecount="2" falsecount="0"/>
        <line num="191" count="1" type="stmt"/>
        <line num="192" count="1" type="stmt"/>
        <line num="194" count="6" type="stmt"/>
        <line num="197" count="10" type="stmt"/>
        <line num="198" count="161" type="stmt"/>
        <line num="199" count="161" type="stmt"/>
        <line num="200" count="161" type="cond" truecount="4" falsecount="0"/>
        <line num="201" count="26" type="stmt"/>
        <line num="202" count="161" type="stmt"/>
        <line num="204" count="10" type="stmt"/>
        <line num="205" count="28" type="stmt"/>
        <line num="206" count="28" type="stmt"/>
        <line num="207" count="28" type="stmt"/>
        <line num="212" count="10" type="stmt"/>
        <line num="214" count="28" type="cond" truecount="2" falsecount="0"/>
        <line num="215" count="5" type="cond" truecount="2" falsecount="0"/>
        <line num="216" count="3" type="stmt"/>
        <line num="217" count="45" type="stmt"/>
        <line num="218" count="20" type="stmt"/>
        <line num="219" count="0" type="stmt"/>
        <line num="220" count="3" type="stmt"/>
        <line num="221" count="3" type="cond" truecount="2" falsecount="3"/>
        <line num="222" count="0" type="stmt"/>
        <line num="224" count="0" type="stmt"/>
        <line num="225" count="0" type="stmt"/>
        <line num="226" count="0" type="cond" truecount="0" falsecount="4"/>
        <line num="229" count="2" type="stmt"/>
        <line num="230" count="0" type="stmt"/>
        <line num="231" count="1" type="stmt"/>
        <line num="232" count="1" type="cond" truecount="1" falsecount="1"/>
        <line num="233" count="1" type="stmt"/>
        <line num="234" count="1" type="cond" truecount="1" falsecount="1"/>
        <line num="235" count="1" type="stmt"/>
        <line num="237" count="0" type="stmt"/>
        <line num="238" count="0" type="cond" truecount="0" falsecount="4"/>
        <line num="239" count="0" type="stmt"/>
        <line num="241" count="2" type="stmt"/>
        <line num="242" count="2" type="cond" truecount="3" falsecount="1"/>
        <line num="243" count="2" type="stmt"/>
        <line num="245" count="2" type="cond" truecount="3" falsecount="1"/>
        <line num="246" count="0" type="stmt"/>
        <line num="247" count="0" type="stmt"/>
        <line num="248" count="0" type="cond" truecount="0" falsecount="2"/>
        <line num="249" count="0" type="stmt"/>
        <line num="252" count="4" type="stmt"/>
        <line num="253" count="4" type="cond" truecount="1" falsecount="1"/>
        <line num="254" count="4" type="cond" truecount="2" falsecount="0"/>
        <line num="255" count="3" type="stmt"/>
        <line num="256" count="3" type="cond" truecount="2" falsecount="0"/>
        <line num="257" count="2" type="stmt"/>
        <line num="260" count="6" type="stmt"/>
        <line num="261" count="6" type="cond" truecount="1" falsecount="1"/>
        <line num="262" count="6" type="cond" truecount="2" falsecount="0"/>
        <line num="263" count="5" type="stmt"/>
        <line num="264" count="7" type="stmt"/>
        <line num="265" count="5" type="cond" truecount="3" falsecount="1"/>
        <line num="266" count="5" type="stmt"/>
        <line num="268" count="12" type="stmt"/>
        <line num="269" count="12" type="cond" truecount="1" falsecount="1"/>
        <line num="270" count="15" type="stmt"/>
        <line num="271" count="12" type="cond" truecount="1" falsecount="1"/>
        <line num="272" count="12" type="stmt"/>
        <line num="273" count="12" type="cond" truecount="4" falsecount="0"/>
        <line num="274" count="9" type="stmt"/>
        <line num="275" count="9" type="cond" truecount="2" falsecount="0"/>
        <line num="276" count="7" type="stmt"/>
        <line num="278" count="1" type="stmt"/>
        <line num="279" count="1" type="cond" truecount="1" falsecount="1"/>
        <line num="280" count="1" type="stmt"/>
        <line num="281" count="3" type="stmt"/>
        <line num="282" count="1" type="cond" truecount="1" falsecount="1"/>
        <line num="283" count="1" type="cond" truecount="1" falsecount="1"/>
        <line num="284" count="1" type="cond" truecount="1" falsecount="1"/>
        <line num="285" count="1" type="stmt"/>
        <line num="286" count="1" type="stmt"/>
        <line num="289" count="4" type="cond" truecount="1" falsecount="1"/>
        <line num="290" count="6" type="stmt"/>
        <line num="291" count="6" type="cond" truecount="3" falsecount="1"/>
        <line num="292" count="8" type="stmt"/>
        <line num="293" count="6" type="cond" truecount="1" falsecount="1"/>
        <line num="294" count="6" type="cond" truecount="5" falsecount="0"/>
        <line num="295" count="1" type="stmt"/>
        <line num="296" count="5" type="stmt"/>
        <line num="297" count="5" type="stmt"/>
        <line num="298" count="5" type="cond" truecount="1" falsecount="1"/>
        <line num="300" count="6" type="stmt"/>
        <line num="304" count="6" type="cond" truecount="1" falsecount="1"/>
        <line num="305" count="5" type="cond" truecount="2" falsecount="0"/>
        <line num="306" count="124" type="stmt"/>
        <line num="307" count="108" type="stmt"/>
        <line num="308" count="108" type="cond" truecount="2" falsecount="0"/>
        <line num="309" count="4" type="stmt"/>
        <line num="310" count="20" type="stmt"/>
        <line num="312" count="15" type="stmt"/>
        <line num="313" count="15" type="cond" truecount="1" falsecount="1"/>
        <line num="314" count="15" type="cond" truecount="2" falsecount="0"/>
        <line num="315" count="1" type="stmt"/>
        <line num="316" count="16" type="stmt"/>
        <line num="317" count="14" type="stmt"/>
        <line num="318" count="55" type="stmt"/>
        <line num="319" count="14" type="cond" truecount="2" falsecount="0"/>
        <line num="321" count="1" type="stmt"/>
        <line num="322" count="1" type="cond" truecount="1" falsecount="1"/>
        <line num="323" count="1" type="stmt"/>
        <line num="324" count="1" type="cond" truecount="1" falsecount="1"/>
        <line num="326" count="3" type="stmt"/>
        <line num="327" count="3" type="cond" truecount="1" falsecount="1"/>
        <line num="328" count="3" type="cond" truecount="2" falsecount="0"/>
        <line num="329" count="1" type="stmt"/>
        <line num="330" count="1" type="cond" truecount="1" falsecount="1"/>
      </file>
    </package>
    <package name="src.types">
      <metrics statements="1" coveredstatements="1" conditionals="0" coveredconditionals="0" methods="0" coveredmethods="0"/>
      <file name="game.ts" path="C:\Users\selim\project-dnd\src\types\game.ts">
        <metrics statements="1" coveredstatements="1" conditionals="0" coveredconditionals="0" methods="0" coveredmethods="0"/>
        <line num="104" count="14" type="stmt"/>
      </file>
    </package>
    <package name="src.utils">
      <metrics statements="112" coveredstatements="61" conditionals="156" coveredconditionals="115" methods="52" coveredmethods="22"/>
      <file name="cardText.ts" path="C:\Users\selim\project-dnd\src\utils\cardText.ts">
        <metrics statements="27" coveredstatements="25" conditionals="83" coveredconditionals="63" methods="12" coveredmethods="12"/>
        <line num="5" count="102" type="cond" truecount="6" falsecount="0"/>
        <line num="8" count="94" type="cond" truecount="5" falsecount="1"/>
        <line num="11" count="197" type="cond" truecount="3" falsecount="1"/>
        <line num="12" count="197" type="cond" truecount="2" falsecount="0"/>
        <line num="13" count="197" type="cond" truecount="3" falsecount="1"/>
        <line num="16" count="354" type="cond" truecount="11" falsecount="2"/>
        <line num="17" count="133" type="cond" truecount="1" falsecount="1"/>
        <line num="18" count="32" type="stmt"/>
        <line num="19" count="42" type="cond" truecount="1" falsecount="1"/>
        <line num="20" count="43" type="cond" truecount="1" falsecount="1"/>
        <line num="21" count="57" type="cond" truecount="6" falsecount="0"/>
        <line num="22" count="3" type="stmt"/>
        <line num="23" count="31" type="stmt"/>
        <line num="24" count="10" type="stmt"/>
        <line num="25" count="1" type="cond" truecount="2" falsecount="2"/>
        <line num="26" count="0" type="cond" truecount="0" falsecount="4"/>
        <line num="27" count="1" type="cond" truecount="1" falsecount="1"/>
        <line num="28" count="1" type="cond" truecount="2" falsecount="2"/>
        <line num="29" count="0" type="stmt"/>
        <line num="33" count="354" type="cond" truecount="3" falsecount="1"/>
        <line num="34" count="319" type="cond" truecount="3" falsecount="1"/>
        <line num="35" count="319" type="cond" truecount="2" falsecount="0"/>
        <line num="36" count="319" type="cond" truecount="1" falsecount="1"/>
        <line num="37" count="319" type="cond" truecount="2" falsecount="0"/>
        <line num="38" count="319" type="cond" truecount="2" falsecount="0"/>
        <line num="41" count="60" type="cond" truecount="4" falsecount="0"/>
        <line num="44" count="60" type="cond" truecount="2" falsecount="0"/>
      </file>
      <file name="game.ts" path="C:\Users\selim\project-dnd\src\utils\game.ts">
        <metrics statements="30" coveredstatements="29" conditionals="57" coveredconditionals="47" methods="7" coveredmethods="7"/>
        <line num="7" count="2" type="cond" truecount="3" falsecount="1"/>
        <line num="8" count="2" type="stmt"/>
        <line num="9" count="2" type="stmt"/>
        <line num="13" count="142" type="cond" truecount="6" falsecount="0"/>
        <line num="14" count="142" type="stmt"/>
        <line num="18" count="292" type="cond" truecount="6" falsecount="0"/>
        <line num="22" count="108" type="cond" truecount="8" falsecount="1"/>
        <line num="25" count="49" type="stmt"/>
        <line num="30" count="28" type="cond" truecount="2" falsecount="0"/>
        <line num="31" count="27" type="stmt"/>
        <line num="36" count="1" type="stmt"/>
        <line num="39" count="2" type="cond" truecount="2" falsecount="0"/>
        <line num="40" count="1" type="stmt"/>
        <line num="45" count="1" type="stmt"/>
        <line num="48" count="1" type="stmt"/>
        <line num="54" count="1" type="stmt"/>
        <line num="59" count="25" type="stmt"/>
        <line num="64" count="2" type="stmt"/>
        <line num="66" count="0" type="stmt"/>
        <line num="71" count="69" type="stmt"/>
        <line num="72" count="69" type="cond" truecount="2" falsecount="0"/>
        <line num="73" count="69" type="stmt"/>
        <line num="74" count="1206" type="stmt"/>
        <line num="75" count="1206" type="stmt"/>
        <line num="77" count="69" type="stmt"/>
        <line num="82" count="130" type="cond" truecount="4" falsecount="0"/>
        <line num="83" count="103" type="cond" truecount="1" falsecount="1"/>
        <line num="84" count="130" type="cond" truecount="3" falsecount="1"/>
        <line num="85" count="6" type="cond" truecount="2" falsecount="0"/>
        <line num="86" count="3" type="stmt"/>
      </file>
      <file name="id.ts" path="C:\Users\selim\project-dnd\src\utils\id.ts">
        <metrics statements="3" coveredstatements="2" conditionals="4" coveredconditionals="3" methods="1" coveredmethods="1"/>
        <line num="6" count="257" type="cond" truecount="3" falsecount="1"/>
        <line num="7" count="257" type="stmt"/>
        <line num="9" count="0" type="stmt"/>
      </file>
      <file name="math.ts" path="C:\Users\selim\project-dnd\src\utils\math.ts">
        <metrics statements="2" coveredstatements="0" conditionals="0" coveredconditionals="0" methods="1" coveredmethods="0"/>
        <line num="6" count="0" type="stmt"/>
        <line num="7" count="0" type="stmt"/>
      </file>
      <file name="rng.ts" path="C:\Users\selim\project-dnd\src\utils\rng.ts">
        <metrics statements="6" coveredstatements="5" conditionals="2" coveredconditionals="2" methods="3" coveredmethods="2"/>
        <line num="7" count="0" type="stmt"/>
        <line num="15" count="1" type="cond" truecount="2" falsecount="0"/>
        <line num="20" count="100" type="stmt"/>
        <line num="21" count="100" type="stmt"/>
        <line num="22" count="100" type="stmt"/>
        <line num="24" count="100" type="stmt"/>
      </file>
      <file name="selectors.ts" path="C:\Users\selim\project-dnd\src\utils\selectors.ts">
        <metrics statements="44" coveredstatements="0" conditionals="10" coveredconditionals="0" methods="28" coveredmethods="0"/>
        <line num="8" count="0" type="stmt"/>
        <line num="9" count="0" type="stmt"/>
        <line num="10" count="0" type="cond" truecount="0" falsecount="2"/>
        <line num="11" count="0" type="stmt"/>
        <line num="12" count="0" type="stmt"/>
        <line num="14" count="0" type="stmt"/>
        <line num="19" count="0" type="stmt"/>
        <line num="20" count="0" type="stmt"/>
        <line num="21" count="0" type="cond" truecount="0" falsecount="2"/>
        <line num="24" count="0" type="stmt"/>
        <line num="25" count="0" type="stmt"/>
        <line num="26" count="0" type="cond" truecount="0" falsecount="2"/>
        <line num="29" count="0" type="stmt"/>
        <line num="30" count="0" type="stmt"/>
        <line num="31" count="0" type="stmt"/>
        <line num="34" count="0" type="stmt"/>
        <line num="35" count="0" type="stmt"/>
        <line num="36" count="0" type="stmt"/>
        <line num="39" count="0" type="stmt"/>
        <line num="40" count="0" type="stmt"/>
        <line num="41" count="0" type="stmt"/>
        <line num="44" count="0" type="stmt"/>
        <line num="45" count="0" type="stmt"/>
        <line num="47" count="0" type="cond" truecount="0" falsecount="2"/>
        <line num="48" count="0" type="stmt"/>
        <line num="52" count="0" type="stmt"/>
        <line num="53" count="0" type="stmt"/>
        <line num="55" count="0" type="cond" truecount="0" falsecount="2"/>
        <line num="56" count="0" type="stmt"/>
        <line num="60" count="0" type="stmt"/>
        <line num="61" count="0" type="stmt"/>
        <line num="62" count="0" type="stmt"/>
        <line num="65" count="0" type="stmt"/>
        <line num="66" count="0" type="stmt"/>
        <line num="67" count="0" type="stmt"/>
        <line num="70" count="0" type="stmt"/>
        <line num="71" count="0" type="stmt"/>
        <line num="72" count="0" type="stmt"/>
        <line num="75" count="0" type="stmt"/>
        <line num="76" count="0" type="stmt"/>
        <line num="77" count="0" type="stmt"/>
        <line num="80" count="0" type="stmt"/>
        <line num="81" count="0" type="stmt"/>
        <line num="82" count="0" type="stmt"/>
      </file>
    </package>
  </project>
</coverage>
