{"total": {"lines":{"total":1039,"covered":641,"skipped":0,"pct":61.69},"statements":{"total":1173,"covered":706,"skipped":0,"pct":60.18},"functions":{"total":270,"covered":145,"skipped":0,"pct":53.7},"branches":{"total":978,"covered":555,"skipped":0,"pct":56.74},"branchesTrue":{"total":0,"covered":0,"skipped":0,"pct":100}}
,"C:\\Users\\selim\\project-dnd\\src\\App.tsx": {"lines":{"total":38,"covered":18,"skipped":0,"pct":47.36},"functions":{"total":15,"covered":4,"skipped":0,"pct":26.66},"statements":{"total":42,"covered":20,"skipped":0,"pct":47.61},"branches":{"total":67,"covered":30,"skipped":0,"pct":44.77}}
,"C:\\Users\\selim\\project-dnd\\src\\main.tsx": {"lines":{"total":1,"covered":0,"skipped":0,"pct":0},"functions":{"total":0,"covered":0,"skipped":0,"pct":100},"statements":{"total":1,"covered":0,"skipped":0,"pct":0},"branches":{"total":0,"covered":0,"skipped":0,"pct":100}}
,"C:\\Users\\selim\\project-dnd\\src\\components\\AppSections.tsx": {"lines":{"total":11,"covered":0,"skipped":0,"pct":0},"functions":{"total":12,"covered":0,"skipped":0,"pct":0},"statements":{"total":16,"covered":0,"skipped":0,"pct":0},"branches":{"total":36,"covered":0,"skipped":0,"pct":0}}
,"C:\\Users\\selim\\project-dnd\\src\\components\\BattleLogDrawer.tsx": {"lines":{"total":45,"covered":33,"skipped":0,"pct":73.33},"functions":{"total":10,"covered":8,"skipped":0,"pct":80},"statements":{"total":48,"covered":36,"skipped":0,"pct":75},"branches":{"total":24,"covered":14,"skipped":0,"pct":58.33}}
,"C:\\Users\\selim\\project-dnd\\src\\components\\BattleStats.tsx": {"lines":{"total":21,"covered":21,"skipped":0,"pct":100},"functions":{"total":7,"covered":7,"skipped":0,"pct":100},"statements":{"total":23,"covered":23,"skipped":0,"pct":100},"branches":{"total":87,"covered":79,"skipped":0,"pct":90.8}}
,"C:\\Users\\selim\\project-dnd\\src\\components\\Card.tsx": {"lines":{"total":57,"covered":47,"skipped":0,"pct":82.45},"functions":{"total":12,"covered":7,"skipped":0,"pct":58.33},"statements":{"total":67,"covered":55,"skipped":0,"pct":82.08},"branches":{"total":98,"covered":78,"skipped":0,"pct":79.59}}
,"C:\\Users\\selim\\project-dnd\\src\\components\\CombatControls.tsx": {"lines":{"total":3,"covered":3,"skipped":0,"pct":100},"functions":{"total":2,"covered":2,"skipped":0,"pct":100},"statements":{"total":4,"covered":4,"skipped":0,"pct":100},"branches":{"total":0,"covered":0,"skipped":0,"pct":100}}
,"C:\\Users\\selim\\project-dnd\\src\\components\\DialogBubble.tsx": {"lines":{"total":6,"covered":1,"skipped":0,"pct":16.66},"functions":{"total":5,"covered":0,"skipped":0,"pct":0},"statements":{"total":8,"covered":1,"skipped":0,"pct":12.5},"branches":{"total":0,"covered":0,"skipped":0,"pct":100}}
,"C:\\Users\\selim\\project-dnd\\src\\components\\EnemyBoard.tsx": {"lines":{"total":13,"covered":13,"skipped":0,"pct":100},"functions":{"total":6,"covered":6,"skipped":0,"pct":100},"statements":{"total":18,"covered":17,"skipped":0,"pct":94.44},"branches":{"total":31,"covered":18,"skipped":0,"pct":58.06}}
,"C:\\Users\\selim\\project-dnd\\src\\components\\Hand.tsx": {"lines":{"total":16,"covered":14,"skipped":0,"pct":87.5},"functions":{"total":12,"covered":9,"skipped":0,"pct":75},"statements":{"total":25,"covered":19,"skipped":0,"pct":76},"branches":{"total":19,"covered":15,"skipped":0,"pct":78.94}}
,"C:\\Users\\selim\\project-dnd\\src\\components\\NameInput.tsx": {"lines":{"total":24,"covered":7,"skipped":0,"pct":29.16},"functions":{"total":5,"covered":2,"skipped":0,"pct":40},"statements":{"total":25,"covered":8,"skipped":0,"pct":32},"branches":{"total":14,"covered":4,"skipped":0,"pct":28.57}}
,"C:\\Users\\selim\\project-dnd\\src\\components\\ShopPanel.tsx": {"lines":{"total":17,"covered":16,"skipped":0,"pct":94.11},"functions":{"total":9,"covered":8,"skipped":0,"pct":88.88},"statements":{"total":19,"covered":18,"skipped":0,"pct":94.73},"branches":{"total":32,"covered":26,"skipped":0,"pct":81.25}}
,"C:\\Users\\selim\\project-dnd\\src\\components\\appView.ts": {"lines":{"total":8,"covered":1,"skipped":0,"pct":12.5},"functions":{"total":1,"covered":0,"skipped":0,"pct":0},"statements":{"total":14,"covered":1,"skipped":0,"pct":7.14},"branches":{"total":21,"covered":0,"skipped":0,"pct":0}}
,"C:\\Users\\selim\\project-dnd\\src\\engine\\bossResolver.ts": {"lines":{"total":25,"covered":19,"skipped":0,"pct":76},"functions":{"total":7,"covered":5,"skipped":0,"pct":71.42},"statements":{"total":27,"covered":21,"skipped":0,"pct":77.77},"branches":{"total":4,"covered":2,"skipped":0,"pct":50}}
,"C:\\Users\\selim\\project-dnd\\src\\engine\\combatMath.ts": {"lines":{"total":4,"covered":4,"skipped":0,"pct":100},"functions":{"total":2,"covered":2,"skipped":0,"pct":100},"statements":{"total":4,"covered":4,"skipped":0,"pct":100},"branches":{"total":4,"covered":4,"skipped":0,"pct":100}}
,"C:\\Users\\selim\\project-dnd\\src\\engine\\combatResolver.ts": {"lines":{"total":0,"covered":0,"skipped":0,"pct":100},"functions":{"total":0,"covered":0,"skipped":0,"pct":100},"statements":{"total":0,"covered":0,"skipped":0,"pct":100},"branches":{"total":0,"covered":0,"skipped":0,"pct":100}}
,"C:\\Users\\selim\\project-dnd\\src\\engine\\dice.ts": {"lines":{"total":3,"covered":3,"skipped":0,"pct":100},"functions":{"total":1,"covered":1,"skipped":0,"pct":100},"statements":{"total":3,"covered":3,"skipped":0,"pct":100},"branches":{"total":5,"covered":5,"skipped":0,"pct":100}}
,"C:\\Users\\selim\\project-dnd\\src\\engine\\enemyArchetypes.ts": {"lines":{"total":20,"covered":20,"skipped":0,"pct":100},"functions":{"total":3,"covered":3,"skipped":0,"pct":100},"statements":{"total":25,"covered":23,"skipped":0,"pct":92},"branches":{"total":18,"covered":16,"skipped":0,"pct":88.88}}
,"C:\\Users\\selim\\project-dnd\\src\\engine\\enemyBehavior.ts": {"lines":{"total":18,"covered":17,"skipped":0,"pct":94.44},"functions":{"total":3,"covered":3,"skipped":0,"pct":100},"statements":{"total":18,"covered":17,"skipped":0,"pct":94.44},"branches":{"total":22,"covered":21,"skipped":0,"pct":95.45}}
,"C:\\Users\\selim\\project-dnd\\src\\engine\\eventResolver.ts": {"lines":{"total":45,"covered":26,"skipped":0,"pct":57.77},"functions":{"total":7,"covered":3,"skipped":0,"pct":42.85},"statements":{"total":47,"covered":27,"skipped":0,"pct":57.44},"branches":{"total":24,"covered":16,"skipped":0,"pct":66.66}}
,"C:\\Users\\selim\\project-dnd\\src\\engine\\restResolver.ts": {"lines":{"total":19,"covered":8,"skipped":0,"pct":42.1},"functions":{"total":3,"covered":1,"skipped":0,"pct":33.33},"statements":{"total":19,"covered":8,"skipped":0,"pct":42.1},"branches":{"total":7,"covered":2,"skipped":0,"pct":28.57}}
,"C:\\Users\\selim\\project-dnd\\src\\engine\\runMap.ts": {"lines":{"total":54,"covered":49,"skipped":0,"pct":90.74},"functions":{"total":12,"covered":7,"skipped":0,"pct":58.33},"statements":{"total":56,"covered":51,"skipped":0,"pct":91.07},"branches":{"total":22,"covered":18,"skipped":0,"pct":81.81}}
,"C:\\Users\\selim\\project-dnd\\src\\state\\persistence.ts": {"lines":{"total":11,"covered":10,"skipped":0,"pct":90.9},"functions":{"total":3,"covered":3,"skipped":0,"pct":100},"statements":{"total":12,"covered":11,"skipped":0,"pct":91.66},"branches":{"total":6,"covered":5,"skipped":0,"pct":83.33}}
,"C:\\Users\\selim\\project-dnd\\src\\state\\store.ts": {"lines":{"total":499,"covered":284,"skipped":0,"pct":56.91},"functions":{"total":94,"covered":58,"skipped":0,"pct":61.7},"statements":{"total":564,"covered":311,"skipped":0,"pct":55.14},"branches":{"total":376,"covered":164,"skipped":0,"pct":43.61}}
,"C:\\Users\\selim\\project-dnd\\src\\types\\game.ts": {"lines":{"total":1,"covered":1,"skipped":0,"pct":100},"functions":{"total":0,"covered":0,"skipped":0,"pct":100},"statements":{"total":1,"covered":1,"skipped":0,"pct":100},"branches":{"total":0,"covered":0,"skipped":0,"pct":100}}
,"C:\\Users\\selim\\project-dnd\\src\\utils\\game.ts": {"lines":{"total":25,"covered":24,"skipped":0,"pct":96},"functions":{"total":6,"covered":5,"skipped":0,"pct":83.33},"statements":{"total":28,"covered":25,"skipped":0,"pct":89.28},"branches":{"total":45,"covered":35,"skipped":0,"pct":77.77}}
,"C:\\Users\\selim\\project-dnd\\src\\utils\\id.ts": {"lines":{"total":3,"covered":2,"skipped":0,"pct":66.66},"functions":{"total":1,"covered":1,"skipped":0,"pct":100},"statements":{"total":3,"covered":2,"skipped":0,"pct":66.66},"branches":{"total":4,"covered":3,"skipped":0,"pct":75}}
,"C:\\Users\\selim\\project-dnd\\src\\utils\\math.ts": {"lines":{"total":2,"covered":0,"skipped":0,"pct":0},"functions":{"total":1,"covered":0,"skipped":0,"pct":0},"statements":{"total":2,"covered":0,"skipped":0,"pct":0},"branches":{"total":0,"covered":0,"skipped":0,"pct":100}}
,"C:\\Users\\selim\\project-dnd\\src\\utils\\rng.ts": {"lines":{"total":6,"covered":0,"skipped":0,"pct":0},"functions":{"total":3,"covered":0,"skipped":0,"pct":0},"statements":{"total":6,"covered":0,"skipped":0,"pct":0},"branches":{"total":2,"covered":0,"skipped":0,"pct":0}}
,"C:\\Users\\selim\\project-dnd\\src\\utils\\selectors.ts": {"lines":{"total":44,"covered":0,"skipped":0,"pct":0},"functions":{"total":28,"covered":0,"skipped":0,"pct":0},"statements":{"total":48,"covered":0,"skipped":0,"pct":0},"branches":{"total":10,"covered":0,"skipped":0,"pct":0}}
}
